Построение начато 20.10.2015 11:35:51.
     1>Проект "C:\Users\Worker\Desktop\lab2\lab2\lab2.vcxproj" в узле 2 (целевые объекты Build).
       Файл проекта содержит ToolsVersion="14.0". Данный набор инструментов является неизвестным или отсутствует. Для устранения этой ошибки можно установить для данного набора инструментов соответствующую версию .NET Framework. Считается, что проект содержит ToolsVersion="4.0".
     1>ClCompile:
         C:\Program Files (x86)\Microsoft Visual Studio 11.0\VC\bin\CL.exe /c /ZI /nologo /W3 /WX- /sdl /Od /Oy- /D WIN32 /D _DEBUG /D _CONSOLE /D _UNICODE /D UNICODE /Gm /EHsc /RTC1 /MDd /GS /fp:precise /Zc:wchar_t /Zc:forScope /Yu"stdafx.h" /Fp"Debug\lab2.pch" /Fo"Debug\\" /Fd"Debug\vc110.pdb" /Gd /TP /analyze- /errorReport:prompt chasy.cpp tort.cpp
         tort.cpp
         chasy.cpp
         Создание кода...
       Link:
         C:\Program Files (x86)\Microsoft Visual Studio 11.0\VC\bin\link.exe /ERRORREPORT:PROMPT /OUT:"C:\Users\Worker\Desktop\lab2\Debug\lab2.exe" /INCREMENTAL /NOLOGO kernel32.lib user32.lib gdi32.lib winspool.lib comdlg32.lib advapi32.lib shell32.lib ole32.lib oleaut32.lib uuid.lib odbc32.lib odbccp32.lib /MANIFEST /MANIFESTUAC:"level='asInvoker' uiAccess='false'" /manifest:embed /DEBUG /PDB:"C:\Users\Worker\Desktop\lab2\Debug\lab2.pdb" /SUBSYSTEM:CONSOLE /TLBID:1 /DYNAMICBASE /NXCOMPAT /IMPLIB:"C:\Users\Worker\Desktop\lab2\Debug\lab2.lib" /MACHINE:X86 Debug\chasy.obj
         Debug\cvety.obj
         Debug\main.obj
         Debug\prodykt.obj
         Debug\tort.obj
         Debug\stdafx.obj
         Debug\tovar.obj
         Debug\konfety.obj
         lab2.vcxproj -> C:\Users\Worker\Desktop\lab2\Debug\lab2.exe
     1>Построение проекта "C:\Users\Worker\Desktop\lab2\lab2\lab2.vcxproj" завершено (целевые объекты Build).

Построение успешно завершено.

Затраченное время: 00:00:03.07
